
> application-name@0.0.1 start /home/ubuntu/apis/api
> nodemon ./bin/www

[33m[nodemon] 1.19.4[39m
[33m[nodemon] to restart at any time, enter `rs`[39m
[33m[nodemon] watching dir(s): *.*[39m
[33m[nodemon] watching extensions: js,mjs,json[39m
[32m[nodemon] starting `node ./bin/www`[39m
events.js:160
      throw er; // Unhandled 'error' event
      ^

Error: EBADF: bad file descriptor, read
    at Error (native)
npm ERR! code ELIFECYCLE
npm ERR! errno 1
npm ERR! application-name@0.0.1 start: `nodemon ./bin/www`
npm ERR! Exit status 1
npm ERR! 
npm ERR! Failed at the application-name@0.0.1 start script.
npm ERR! This is probably not a problem with npm. There is likely additional logging output above.

npm ERR! A complete log of this run can be found in:
npm ERR!     /home/ubuntu/.npm/_logs/2019-11-15T10_38_27_764Z-debug.log

> application-name@0.0.1 start /home/ubuntu/apis/api
> nodemon ./bin/www

[33m[nodemon] 1.19.4[39m
[33m[nodemon] to restart at any time, enter `rs`[39m
[33m[nodemon] watching dir(s): *.*[39m
[33m[nodemon] watching extensions: js,mjs,json[39m
[32m[nodemon] starting `node ./bin/www`[39m
events.js:160
      throw er; // Unhandled 'error' event
      ^

Error: EBADF: bad file descriptor, read
    at Error (native)
npm ERR! code ELIFECYCLE
npm ERR! errno 1
npm ERR! application-name@0.0.1 start: `nodemon ./bin/www`
npm ERR! Exit status 1
npm ERR! 
npm ERR! Failed at the application-name@0.0.1 start script.
npm ERR! This is probably not a problem with npm. There is likely additional logging output above.

npm ERR! A complete log of this run can be found in:
npm ERR!     /home/ubuntu/.npm/_logs/2019-11-15T10_42_27_315Z-debug.log
